<?xml version="1.0" encoding="UTF-8"?>
<testsuite xmlns:xsi="http://www.w3.org/2001/XMLSchema-instance" xsi:noNamespaceSchemaLocation="https://maven.apache.org/surefire/maven-surefire-plugin/xsd/surefire-test-report-3.0.xsd" version="3.0" name="com.ramyakata.persist.dao.TestCustomerJdbc" time="0.23" tests="8" errors="0" skipped="0" failures="0">
  <properties>
    <property name="java.specification.version" value="21"/>
    <property name="sun.cpu.isalist" value="amd64"/>
    <property name="sun.jnu.encoding" value="Cp1252"/>
    <property name="java.class.path" value="V:\IndusTraining\Assignments\Persist\IndusCustomerJdbcProject\target\test-classes;V:\IndusTraining\Assignments\Persist\IndusCustomerJdbcProject\target\classes;C:\Users\ramya\.m2\repository\com\mysql\mysql-connector-j\8.0.33\mysql-connector-j-8.0.33.jar;C:\Users\ramya\.m2\repository\com\google\protobuf\protobuf-java\3.21.9\protobuf-java-3.21.9.jar;C:\Users\ramya\.m2\repository\com\fasterxml\jackson\core\jackson-databind\2.15.2\jackson-databind-2.15.2.jar;C:\Users\ramya\.m2\repository\com\fasterxml\jackson\core\jackson-annotations\2.15.2\jackson-annotations-2.15.2.jar;C:\Users\ramya\.m2\repository\com\fasterxml\jackson\core\jackson-core\2.15.2\jackson-core-2.15.2.jar;C:\Users\ramya\.m2\repository\com\opencsv\opencsv\5.7.1\opencsv-5.7.1.jar;C:\Users\ramya\.m2\repository\org\apache\commons\commons-lang3\3.12.0\commons-lang3-3.12.0.jar;C:\Users\ramya\.m2\repository\org\apache\commons\commons-text\1.10.0\commons-text-1.10.0.jar;C:\Users\ramya\.m2\repository\commons-beanutils\commons-beanutils\1.9.4\commons-beanutils-1.9.4.jar;C:\Users\ramya\.m2\repository\commons-logging\commons-logging\1.2\commons-logging-1.2.jar;C:\Users\ramya\.m2\repository\commons-collections\commons-collections\3.2.2\commons-collections-3.2.2.jar;C:\Users\ramya\.m2\repository\org\apache\commons\commons-collections4\4.4\commons-collections4-4.4.jar;C:\Users\ramya\.m2\repository\junit\junit\3.8.2\junit-3.8.2.jar;"/>
    <property name="java.vm.vendor" value="Eclipse Adoptium"/>
    <property name="sun.arch.data.model" value="64"/>
    <property name="user.variant" value=""/>
    <property name="java.vendor.url" value="https://adoptium.net/"/>
    <property name="user.timezone" value="America/New_York"/>
    <property name="os.name" value="Windows 11"/>
    <property name="java.vm.specification.version" value="21"/>
    <property name="sun.java.launcher" value="SUN_STANDARD"/>
    <property name="user.country" value="US"/>
    <property name="sun.boot.library.path" value="V:\IndusTraining\Software\sts-4.23.1.RELEASE\plugins\org.eclipse.justj.openjdk.hotspot.jre.full.win32.x86_64_21.0.3.v20240426-1530\jre\bin"/>
    <property name="sun.java.command" value="C:\Users\ramya\AppData\Local\Temp\surefire7314621931077541601\surefirebooter-20250428160216276_3.jar C:\Users\ramya\AppData\Local\Temp\surefire7314621931077541601 2025-04-28T16-02-15_990-jvmRun1 surefire-20250428160216276_1tmp surefire_0-20250428160216276_2tmp"/>
    <property name="jdk.debug" value="release"/>
    <property name="surefire.test.class.path" value="V:\IndusTraining\Assignments\Persist\IndusCustomerJdbcProject\target\test-classes;V:\IndusTraining\Assignments\Persist\IndusCustomerJdbcProject\target\classes;C:\Users\ramya\.m2\repository\com\mysql\mysql-connector-j\8.0.33\mysql-connector-j-8.0.33.jar;C:\Users\ramya\.m2\repository\com\google\protobuf\protobuf-java\3.21.9\protobuf-java-3.21.9.jar;C:\Users\ramya\.m2\repository\com\fasterxml\jackson\core\jackson-databind\2.15.2\jackson-databind-2.15.2.jar;C:\Users\ramya\.m2\repository\com\fasterxml\jackson\core\jackson-annotations\2.15.2\jackson-annotations-2.15.2.jar;C:\Users\ramya\.m2\repository\com\fasterxml\jackson\core\jackson-core\2.15.2\jackson-core-2.15.2.jar;C:\Users\ramya\.m2\repository\com\opencsv\opencsv\5.7.1\opencsv-5.7.1.jar;C:\Users\ramya\.m2\repository\org\apache\commons\commons-lang3\3.12.0\commons-lang3-3.12.0.jar;C:\Users\ramya\.m2\repository\org\apache\commons\commons-text\1.10.0\commons-text-1.10.0.jar;C:\Users\ramya\.m2\repository\commons-beanutils\commons-beanutils\1.9.4\commons-beanutils-1.9.4.jar;C:\Users\ramya\.m2\repository\commons-logging\commons-logging\1.2\commons-logging-1.2.jar;C:\Users\ramya\.m2\repository\commons-collections\commons-collections\3.2.2\commons-collections-3.2.2.jar;C:\Users\ramya\.m2\repository\org\apache\commons\commons-collections4\4.4\commons-collections4-4.4.jar;C:\Users\ramya\.m2\repository\junit\junit\3.8.2\junit-3.8.2.jar;"/>
    <property name="sun.cpu.endian" value="little"/>
    <property name="user.home" value="C:\Users\ramya"/>
    <property name="user.language" value="en"/>
    <property name="java.specification.vendor" value="Oracle Corporation"/>
    <property name="java.version.date" value="2024-04-16"/>
    <property name="java.home" value="V:\IndusTraining\Software\sts-4.23.1.RELEASE\plugins\org.eclipse.justj.openjdk.hotspot.jre.full.win32.x86_64_21.0.3.v20240426-1530\jre"/>
    <property name="file.separator" value="\"/>
    <property name="basedir" value="V:\IndusTraining\Assignments\Persist\IndusCustomerJdbcProject"/>
    <property name="style.color" value="always"/>
    <property name="java.vm.compressedOopsMode" value="32-bit"/>
    <property name="line.separator" value="&#10;"/>
    <property name="java.vm.specification.vendor" value="Oracle Corporation"/>
    <property name="java.specification.name" value="Java Platform API Specification"/>
    <property name="surefire.real.class.path" value="C:\Users\ramya\AppData\Local\Temp\surefire7314621931077541601\surefirebooter-20250428160216276_3.jar"/>
    <property name="user.script" value=""/>
    <property name="sun.management.compiler" value="HotSpot 64-Bit Tiered Compilers"/>
    <property name="java.runtime.version" value="21.0.3+9-LTS"/>
    <property name="user.name" value="ramya"/>
    <property name="stdout.encoding" value="Cp1252"/>
    <property name="path.separator" value=";"/>
    <property name="os.version" value="10.0"/>
    <property name="java.runtime.name" value="OpenJDK Runtime Environment"/>
    <property name="file.encoding" value="UTF-8"/>
    <property name="java.vm.name" value="OpenJDK 64-Bit Server VM"/>
    <property name="java.vendor.version" value="Temurin-21.0.3+9"/>
    <property name="localRepository" value="C:\Users\ramya\.m2\repository"/>
    <property name="java.vendor.url.bug" value="https://github.com/adoptium/adoptium-support/issues"/>
    <property name="java.io.tmpdir" value="C:\Users\ramya\AppData\Local\Temp\"/>
    <property name="java.version" value="21.0.3"/>
    <property name="user.dir" value="V:\IndusTraining\Assignments\Persist\IndusCustomerJdbcProject"/>
    <property name="os.arch" value="amd64"/>
    <property name="java.vm.specification.name" value="Java Virtual Machine Specification"/>
    <property name="sun.os.patch.level" value=""/>
    <property name="native.encoding" value="Cp1252"/>
    <property name="java.library.path" value="V:\IndusTraining\Software\sts-4.23.1.RELEASE\plugins\org.eclipse.justj.openjdk.hotspot.jre.full.win32.x86_64_21.0.3.v20240426-1530\jre\bin;C:\WINDOWS\Sun\Java\bin;C:\WINDOWS\system32;C:\WINDOWS;V:/IndusTraining/Software/sts-4.23.1.RELEASE//plugins/org.eclipse.justj.openjdk.hotspot.jre.full.win32.x86_64_21.0.3.v20240426-1530/jre/bin/server;V:/IndusTraining/Software/sts-4.23.1.RELEASE//plugins/org.eclipse.justj.openjdk.hotspot.jre.full.win32.x86_64_21.0.3.v20240426-1530/jre/bin;C:\Program Files\Eclipse Adoptium\jdk-17.0.5.8-hotspot\bin;C:\Program Files\Common Files\Oracle\Java\javapath;C:\windows\system32;C:\windows;C:\windows\System32\Wbem;C:\windows\System32\WindowsPowerShell\v1.0\;C:\windows\System32\OpenSSH\;C:\ProgramData\chocolatey\bin;C:\Program Files\dotnet\;C:\Program Files\HP\HP One Agent;C:\Program Files\Microsoft VS Code\bin;C:\Program Files\Git\cmd;C:\Program Files\nodejs\;V:\IndusTraining\Software\apache-maven-3.9.8\bin;C:\Program Files\PuTTY\;C:\Program Files\PostgreSQL\16\bin;V:\ProgramFiles\MongoDB\Server\8.0\bin;C:\Program Files\Docker\Docker\resources\bin;C:\WINDOWS\system32;C:\WINDOWS;C:\WINDOWS\System32\Wbem;C:\WINDOWS\System32\WindowsPowerShell\v1.0\;C:\WINDOWS\System32\OpenSSH\;C:\Program Files\RabbitMQ Server\rabbitmq_server-4.0.3\sbin;C:\Program Files\Erlang OTP\bin;C:\Users\ramya\AppData\Roaming\npm\node_modules\yarn\bin;C:\Program Files\Amazon\AWSCLIV2\;C:\Users\ramya\AppData\Local\Programs\Python\Python313\Scripts\;C:\Users\ramya\AppData\Local\Programs\Python\Python313\;C:\Program Files\MySQL\MySQL Shell 8.0\bin\;C:\Users\ramya\AppData\Local\Microsoft\WindowsApps;C:\Users\ramya\AppData\Local\Programs\Microsoft VS Code\bin;C:\Program Files\java\jdk-19.0.2\bin;C:\Users\ramya\AppData\Roaming\npm;C:\Program Files (x86)\Nmap;C:\Program Files\PostgreSQL\16\bin;C:\Program Files\MySQL\MySQL Server 8.0\bin;V:\ProgramFiles\kotlinc\bin;C:\php;C:\Users\ramya\Downloads\mongosh-2.3.2-win32-x64\mongosh-2.3.2-win32-x64\bin;V:\IndusTraining\Software\apache-tomcat-11.0.0\bin;;C:\Program Files\JetBrains\PyCharm 2024.3.5\bin;;V:\IndusTraining\Software\sts-4.23.1.RELEASE;;."/>
    <property name="java.vm.info" value="mixed mode"/>
    <property name="stderr.encoding" value="Cp1252"/>
    <property name="java.vendor" value="Eclipse Adoptium"/>
    <property name="java.vm.version" value="21.0.3+9-LTS"/>
    <property name="sun.io.unicode.encoding" value="UnicodeLittle"/>
    <property name="java.class.version" value="65.0"/>
  </properties>
  <testcase name="testCreateTable" classname="com.ramyakata.persist.dao.TestCustomerJdbc" time="0.002">
    <system-out><![CDATA[student_example
testing Create Table
Connected to database
testing Create TableError while creating the tableTable 'student_example' already exists
]]></system-out>
  </testcase>
  <testcase name="testUpdateTable" classname="com.ramyakata.persist.dao.TestCustomerJdbc" time="0.003">
    <system-out><![CDATA[student_example
Connected to database
Table: customer
Table: customers
Table: employees
Table: student
Table: student_example
CurrentTable:CustomerDetails
UPDATE CustomerDetails SET LAST_NAME = 'kata' WHERE ID = 101
testing Insert TableError while updating the tableTable 'student_example.customerdetails' doesn't exist
]]></system-out>
  </testcase>
  <testcase name="testDeleteTable" classname="com.ramyakata.persist.dao.TestCustomerJdbc" time="0.029">
    <system-out><![CDATA[student_example
Connected to database
Table: customer
Table: customers
Table: employees
Table: student
Table: student_example
Deletion Of table: Error while deleting tableUnknown table 'student_example.customerdetails'
]]></system-out>
  </testcase>
  <testcase name="testViewTables" classname="com.ramyakata.persist.dao.TestCustomerJdbc" time="0.035">
    <system-out><![CDATA[student_example
testing viewTables
Connected to database
Table: customer
Table: customers
Table: employees
Table: student
Table: student_example
Connection closed.
]]></system-out>
  </testcase>
  <testcase name="testReadTableStringInt" classname="com.ramyakata.persist.dao.TestCustomerJdbc" time="0.052">
    <system-out><![CDATA[student_example
testing Inserting Table
Connected to database
Table: customer
Table: customers
Table: employees
Table: student
Table: student_example
CurrentTable:CustomerDetails
testing Insert TableError while printing the selected from the tableTable 'student_example.customerdetails' doesn't exist
]]></system-out>
  </testcase>
  <testcase name="testReadTableString" classname="com.ramyakata.persist.dao.TestCustomerJdbc" time="0.032">
    <system-out><![CDATA[student_example
testing Inserting Table
Connected to database
Table: customer
Table: customers
Table: employees
Table: student
Table: student_example
CurrentTable:CustomerDetails
Select * from CustomerDetails
testing Insert TableError while printing all the available values from the tableTable 'student_example.customerdetails' doesn't exist
]]></system-out>
  </testcase>
  <testcase name="testInsert" classname="com.ramyakata.persist.dao.TestCustomerJdbc" time="0.037">
    <system-out><![CDATA[student_example
testing Inserting Table
Connected to database
Table: customer
Table: customers
Table: employees
Table: student
Table: student_example
testing Insert TableError while inserting data: Table 'student_example.customerdetails' doesn't exist
]]></system-out>
  </testcase>
  <testcase name="testRemove" classname="com.ramyakata.persist.dao.TestCustomerJdbc" time="0.037">
    <system-out><![CDATA[student_example
Connected to database
Table: customer
Table: customers
Table: employees
Table: student
Table: student_example
CurrentTable:CustomerDetails
testing Insert TableError while removing values from the tableTable 'student_example.customerdetails' doesn't exist
]]></system-out>
  </testcase>
</testsuite>